0 info it worked if it ends with ok
1 verbose cli [ '/usr/local/bin/node',
1 verbose cli   '/usr/local/bin/npm',
1 verbose cli   'install',
1 verbose cli   'n',
1 verbose cli   '-g' ]
2 info using npm@2.15.9
3 info using node@v4.6.0
4 verbose install initial load of /usr/local/lib/package.json
5 verbose readDependencies loading dependencies from /usr/local/lib/package.json
6 silly cache add args [ 'n', null ]
7 verbose cache add spec n
8 silly cache add parsed spec Result {
8 silly cache add   raw: 'n',
8 silly cache add   scope: null,
8 silly cache add   name: 'n',
8 silly cache add   rawSpec: '',
8 silly cache add   spec: 'latest',
8 silly cache add   type: 'tag' }
9 silly addNamed n@latest
10 verbose addNamed "latest" is being treated as a dist-tag for n
11 info addNameTag [ 'n', 'latest' ]
12 silly mapToRegistry name n
13 silly mapToRegistry using default registry
14 silly mapToRegistry registry https://registry.npmjs.org/
15 silly mapToRegistry data Result {
15 silly mapToRegistry   raw: 'n',
15 silly mapToRegistry   scope: null,
15 silly mapToRegistry   name: 'n',
15 silly mapToRegistry   rawSpec: '',
15 silly mapToRegistry   spec: 'latest',
15 silly mapToRegistry   type: 'tag' }
16 silly mapToRegistry uri https://registry.npmjs.org/n
17 verbose addNameTag registry:https://registry.npmjs.org/n not in flight; fetching
18 verbose request uri https://registry.npmjs.org/n
19 verbose request no auth needed
20 info attempt registry request try #1 at 6:33:04 PM
21 verbose request id 1ee3e1824c359755
22 http request GET https://registry.npmjs.org/n
23 http 200 https://registry.npmjs.org/n
24 verbose headers { server: 'nginx/1.10.1',
24 verbose headers   'content-type': 'application/json',
24 verbose headers   'last-modified': 'Fri, 02 Jun 2017 14:26:51 GMT',
24 verbose headers   etag: 'W/"593175ab-10f3e"',
24 verbose headers   'content-encoding': 'gzip',
24 verbose headers   'cache-control': 'max-age=300',
24 verbose headers   'content-length': '11420',
24 verbose headers   'accept-ranges': 'bytes',
24 verbose headers   date: 'Tue, 13 Jun 2017 22:33:04 GMT',
24 verbose headers   via: '1.1 varnish',
24 verbose headers   age: '108',
24 verbose headers   connection: 'keep-alive',
24 verbose headers   'x-served-by': 'cache-iad2151-IAD',
24 verbose headers   'x-cache': 'HIT',
24 verbose headers   'x-cache-hits': '1',
24 verbose headers   'x-timer': 'S1497393185.597414,VS0,VE1',
24 verbose headers   vary: 'Accept-Encoding' }
25 silly get cb [ 200,
25 silly get   { server: 'nginx/1.10.1',
25 silly get     'content-type': 'application/json',
25 silly get     'last-modified': 'Fri, 02 Jun 2017 14:26:51 GMT',
25 silly get     etag: 'W/"593175ab-10f3e"',
25 silly get     'content-encoding': 'gzip',
25 silly get     'cache-control': 'max-age=300',
25 silly get     'content-length': '11420',
25 silly get     'accept-ranges': 'bytes',
25 silly get     date: 'Tue, 13 Jun 2017 22:33:04 GMT',
25 silly get     via: '1.1 varnish',
25 silly get     age: '108',
25 silly get     connection: 'keep-alive',
25 silly get     'x-served-by': 'cache-iad2151-IAD',
25 silly get     'x-cache': 'HIT',
25 silly get     'x-cache-hits': '1',
25 silly get     'x-timer': 'S1497393185.597414,VS0,VE1',
25 silly get     vary: 'Accept-Encoding' } ]
26 verbose get saving n to /Users/Rekha/.npm/registry.npmjs.org/n/.cache.json
27 verbose correctMkdir /Users/Rekha/.npm correctMkdir not in flight; initializing
28 silly addNameTag next cb for n with tag latest
29 silly addNamed n@2.1.7
30 verbose addNamed "2.1.7" is a plain semver version for n
31 silly mapToRegistry name n
32 silly mapToRegistry using default registry
33 silly mapToRegistry registry https://registry.npmjs.org/
34 silly mapToRegistry data Result {
34 silly mapToRegistry   raw: 'n',
34 silly mapToRegistry   scope: null,
34 silly mapToRegistry   name: 'n',
34 silly mapToRegistry   rawSpec: '',
34 silly mapToRegistry   spec: 'latest',
34 silly mapToRegistry   type: 'tag' }
35 silly mapToRegistry uri https://registry.npmjs.org/n
36 verbose addRemoteTarball https://registry.npmjs.org/n/-/n-2.1.7.tgz not in flight; adding
37 verbose addRemoteTarball [ 'https://registry.npmjs.org/n/-/n-2.1.7.tgz',
37 verbose addRemoteTarball   '13fe032a5bed0797983bddf27eb0606517c73c74' ]
38 info retry fetch attempt 1 at 6:33:04 PM
39 info attempt registry request try #1 at 6:33:04 PM
40 http fetch GET https://registry.npmjs.org/n/-/n-2.1.7.tgz
41 http fetch 200 https://registry.npmjs.org/n/-/n-2.1.7.tgz
42 silly fetchAndShaCheck shasum 13fe032a5bed0797983bddf27eb0606517c73c74
43 verbose addTmpTarball /tmp/npm-7353-b8c2efe4/registry.npmjs.org/n/-/n-2.1.7.tgz not in flight; adding
44 verbose addTmpTarball already have metadata; skipping unpack for n@2.1.7
45 verbose correctMkdir /Users/Rekha/.npm correctMkdir not in flight; initializing
46 silly cache afterAdd n@2.1.7
47 verbose afterAdd /Users/Rekha/.npm/n/2.1.7/package/package.json not in flight; writing
48 verbose correctMkdir /Users/Rekha/.npm correctMkdir not in flight; initializing
49 verbose afterAdd /Users/Rekha/.npm/n/2.1.7/package/package.json written
50 silly install resolved [ { name: 'n',
50 silly install resolved     description: 'Interactively Manage All Your Node Versions',
50 silly install resolved     version: '2.1.7',
50 silly install resolved     author: { name: 'TJ Holowaychuk', email: 'tj@vision-media.ca' },
50 silly install resolved     homepage: 'https://github.com/tj/n',
50 silly install resolved     bugs: { url: 'https://github.com/tj/n/issues' },
50 silly install resolved     contributors: [ [Object], [Object], [Object] ],
50 silly install resolved     keywords:
50 silly install resolved      [ 'nvm',
50 silly install resolved        'node',
50 silly install resolved        'version',
50 silly install resolved        'manager',
50 silly install resolved        'switcher',
50 silly install resolved        'node',
50 silly install resolved        'binary',
50 silly install resolved        'env' ],
50 silly install resolved     bin: { n: './bin/n' },
50 silly install resolved     repository: { type: 'git', url: 'git://github.com/tj/n.git' },
50 silly install resolved     preferGlobal: true,
50 silly install resolved     os: [ '!win32' ],
50 silly install resolved     engines: { node: '*' },
50 silly install resolved     license: 'MIT',
50 silly install resolved     gitHead: 'bcec70577549a9a11d89d10284f8890f0debf6d6',
50 silly install resolved     _id: 'n@2.1.7',
50 silly install resolved     scripts: {},
50 silly install resolved     _shasum: '13fe032a5bed0797983bddf27eb0606517c73c74',
50 silly install resolved     _from: 'n@latest',
50 silly install resolved     _npmVersion: '4.4.1',
50 silly install resolved     _nodeVersion: '7.7.3',
50 silly install resolved     _npmUser: { name: 'troy0820', email: 'troy0820@gmail.com' },
50 silly install resolved     dist:
50 silly install resolved      { shasum: '13fe032a5bed0797983bddf27eb0606517c73c74',
50 silly install resolved        tarball: 'https://registry.npmjs.org/n/-/n-2.1.7.tgz' },
50 silly install resolved     maintainers: [ [Object], [Object], [Object], [Object], [Object], [Object] ],
50 silly install resolved     _npmOperationalInternal:
50 silly install resolved      { host: 'packages-12-west.internal.npmjs.com',
50 silly install resolved        tmp: 'tmp/n-2.1.7.tgz_1490918508873_0.5233936926815659' },
50 silly install resolved     directories: {},
50 silly install resolved     _resolved: 'https://registry.npmjs.org/n/-/n-2.1.7.tgz' } ]
51 info install n@2.1.7 into /usr/local/lib
52 info installOne n@2.1.7
53 verbose installOne of n to /usr/local/lib not in flight; installing
54 verbose correctMkdir /Users/Rekha/.npm/_locks correctMkdir not in flight; initializing
55 verbose lock using /Users/Rekha/.npm/_locks/n-a01478239d85533e.lock for /usr/local/lib/node_modules/n
56 silly install write writing n 2.1.7 to /usr/local/lib/node_modules/n
57 verbose unbuild lib/node_modules/n
58 silly gentlyRm /usr/local/lib/node_modules/n is being purged from base /usr/local
59 verbose gentlyRm don't care about contents; nuking /usr/local/lib/node_modules/n
60 verbose tar unpack /Users/Rekha/.npm/n/2.1.7/package.tgz
61 verbose tar unpacking to /usr/local/lib/node_modules/n
62 silly gentlyRm /usr/local/lib/node_modules/n is being purged
63 verbose gentlyRm don't care about contents; nuking /usr/local/lib/node_modules/n
64 silly gunzTarPerm modes [ '755', '644' ]
65 silly gunzTarPerm extractEntry package.json
66 silly gunzTarPerm extractEntry README.md
67 silly gunzTarPerm extractEntry .github/CONTRIBUTING.md
68 silly gunzTarPerm extractEntry .github/ISSUE_TEMPLATE.md
69 silly gunzTarPerm extractEntry .github/PULL_REQUEST_TEMPLATE.md
70 silly gunzTarPerm extractEntry Makefile
71 silly gunzTarPerm extractEntry bin/n
72 verbose write writing to /usr/local/lib/node_modules/n/package.json
73 info preinstall n@2.1.7
74 verbose readDependencies loading dependencies from /usr/local/lib/node_modules/n/package.json
75 verbose readDependencies loading dependencies from /usr/local/lib/node_modules/n/package.json
76 silly install resolved []
77 verbose about to build /usr/local/lib/node_modules/n
78 info build /usr/local/lib/node_modules/n
79 info linkStuff n@2.1.7
80 silly linkStuff n@2.1.7 has /usr/local/lib/node_modules as its parent node_modules
81 silly linkStuff n@2.1.7 is part of a global install
82 silly linkStuff n@2.1.7 is installed into a global node_modules
83 silly linkStuff n@2.1.7 is installed into the top-level global node_modules
84 verbose linkBins n@2.1.7
85 verbose link bins [ { n: './bin/n' }, '/usr/local/bin', true ]
86 verbose linkMans n@2.1.7
87 verbose rebuildBundles n@2.1.7
88 silly gentlyRm /usr/local/bin/n is being gently removed
89 silly gentlyRm verifying /usr/local is an npm working directory
90 silly gentlyRm containing path /usr/local is under npm's control, in /usr/local
91 silly gentlyRm deletion target /usr/local/bin/n is under /usr/local
92 verbose gentlyRm vacuuming from /usr/local/bin/n up to /usr/local
93 info install n@2.1.7
94 info postinstall n@2.1.7
95 verbose unlock done using /Users/Rekha/.npm/_locks/n-a01478239d85533e.lock for /usr/local/lib/node_modules/n
96 verbose validateInstall loading /usr/local/lib/package.json for validation
97 verbose stack Error: The package webpack@2.2.1 does not satisfy its siblings' peerDependencies requirements!
97 verbose stack     at /usr/local/lib/node_modules/npm/lib/install.js:125:32
97 verbose stack     at /usr/local/lib/node_modules/npm/lib/install.js:268:7
97 verbose stack     at /usr/local/lib/node_modules/npm/node_modules/read-installed/read-installed.js:142:5
97 verbose stack     at /usr/local/lib/node_modules/npm/node_modules/read-installed/read-installed.js:263:14
97 verbose stack     at cb (/usr/local/lib/node_modules/npm/node_modules/slide/lib/async-map.js:47:24)
97 verbose stack     at /usr/local/lib/node_modules/npm/node_modules/read-installed/read-installed.js:263:14
97 verbose stack     at cb (/usr/local/lib/node_modules/npm/node_modules/slide/lib/async-map.js:47:24)
97 verbose stack     at /usr/local/lib/node_modules/npm/node_modules/read-installed/read-installed.js:263:14
97 verbose stack     at cb (/usr/local/lib/node_modules/npm/node_modules/slide/lib/async-map.js:47:24)
97 verbose stack     at /usr/local/lib/node_modules/npm/node_modules/read-installed/read-installed.js:263:14
98 verbose cwd /Users/Rekha/Dev/react_project
99 error Darwin 15.6.0
100 error argv "/usr/local/bin/node" "/usr/local/bin/npm" "install" "n" "-g"
101 error node v4.6.0
102 error npm  v2.15.9
103 error code EPEERINVALID
104 error peerinvalid The package webpack@2.2.1 does not satisfy its siblings' peerDependencies requirements!
104 error peerinvalid Peer webpack-dev-server@1.12.1 wants webpack@^1.3.0
105 verbose exit [ 1, true ]
